c:\users\yl_so\desktop\stress-2d\stress-2d\x64\debug\vc141.pdb
c:\users\yl_so\desktop\stress-2d\stress-2d\x64\debug\vc141.idb
c:\users\yl_so\desktop\stress-2d\stress-2d\x64\debug\main.obj
c:\users\yl_so\desktop\stress-2d\stress-2d\x64\debug\stress2dprocess.obj
c:\users\yl_so\desktop\stress-2d\stress-2d\x64\debug\stressfunction.obj
c:\users\yl_so\desktop\stress-2d\stress-2d\x64\debug\sus304function.obj
c:\users\yl_so\desktop\stress-2d\x64\debug\stress-2d.exe
c:\users\yl_so\desktop\stress-2d\x64\debug\stress-2d.ilk
c:\users\yl_so\desktop\stress-2d\x64\debug\stress-2d.pdb
c:\users\yl_so\desktop\stress-2d\stress-2d\x64\debug\alglibinternal.obj
c:\users\yl_so\desktop\stress-2d\stress-2d\x64\debug\alglibmisc.obj
c:\users\yl_so\desktop\stress-2d\stress-2d\x64\debug\ap.obj
c:\users\yl_so\desktop\stress-2d\stress-2d\x64\debug\dataanalysis.obj
c:\users\yl_so\desktop\stress-2d\stress-2d\x64\debug\diffequations.obj
c:\users\yl_so\desktop\stress-2d\stress-2d\x64\debug\fasttransforms.obj
c:\users\yl_so\desktop\stress-2d\stress-2d\x64\debug\integration.obj
c:\users\yl_so\desktop\stress-2d\stress-2d\x64\debug\interpolation.obj
c:\users\yl_so\desktop\stress-2d\stress-2d\x64\debug\linalg.obj
c:\users\yl_so\desktop\stress-2d\stress-2d\x64\debug\optimization.obj
c:\users\yl_so\desktop\stress-2d\stress-2d\x64\debug\solvers.obj
c:\users\yl_so\desktop\stress-2d\stress-2d\x64\debug\specialfunctions.obj
c:\users\yl_so\desktop\stress-2d\stress-2d\x64\debug\statistics.obj
c:\users\yl_so\desktop\stress-2d\stress-2d\x64\debug\stress-2d.tlog\cl.command.1.tlog
c:\users\yl_so\desktop\stress-2d\stress-2d\x64\debug\stress-2d.tlog\cl.read.1.tlog
c:\users\yl_so\desktop\stress-2d\stress-2d\x64\debug\stress-2d.tlog\cl.write.1.tlog
c:\users\yl_so\desktop\stress-2d\stress-2d\x64\debug\stress-2d.tlog\link.command.1.tlog
c:\users\yl_so\desktop\stress-2d\stress-2d\x64\debug\stress-2d.tlog\link.read.1.tlog
c:\users\yl_so\desktop\stress-2d\stress-2d\x64\debug\stress-2d.tlog\link.write.1.tlog
